
-----
Test: tests/tests_dummy_main_flow.py::TestCreateUserPostComment::test_create_new_user_post_comment (call)
Time: 2025-05-12 14:07:46.452252
Request method: POST
Request URL: https://dummyapi.io/data/v1/user/create

Response code: 200
Response code: {"id":"68219e41e73add01a673e06b","firstName":"Mary","lastName":"Martin","gender":"female","email":"sarah73@example.com","registerDate":"2025-05-12T07:07:45.400Z","updatedDate":"2025-05-12T07:07:45.400Z"}
Response headers: {'Connection': 'keep-alive', 'Content-Length': '203', 'Access-Control-Allow-Origin': '*', 'Cache-Control': 'private', 'Content-Type': 'application/json; charset=utf-8', 'Etag': 'W/"cb-NVBoaVrdVhuvFqSInqaczOKFPvU"', 'Function-Execution-Id': 'ys9y7ktutocr', 'Server': 'Google Frontend', 'Strict-Transport-Security': 'max-age=31556926', 'X-Cloud-Trace-Context': '6b456617b92b03ced0a38f1b3fd90bcf;o=1', 'X-Country-Code': 'RU', 'Accept-Ranges': 'bytes', 'Date': 'Mon, 12 May 2025 07:07:45 GMT', 'X-Served-By': 'cache-fra-eddf8230089-FRA', 'X-Cache': 'MISS', 'X-Cache-Hits': '0', 'X-Timer': 'S1747033665.304786,VS0,VE167', 'Vary': 'cookie,need-authorization, x-fh-requested-host, accept-encoding', 'alt-svc': 'h3=":443";ma=86400,h3-29=":443";ma=86400,h3-27=":443";ma=86400'}
Response cookies: {}

-----

-----
Test: tests/tests_dummy_main_flow.py::TestCreateUserPostComment::test_create_new_user_post_comment (call)
Time: 2025-05-12 14:07:46.926326
Request method: GET
Request URL: https://dummyapi.io/data/v1/user/68219e41e73add01a673e06b

Response code: 200
Response code: {"id":"68219e41e73add01a673e06b","firstName":"Mary","lastName":"Martin","gender":"female","email":"sarah73@example.com","registerDate":"2025-05-12T07:07:45.400Z","updatedDate":"2025-05-12T07:07:45.400Z"}
Response headers: {'Connection': 'keep-alive', 'Content-Length': '203', 'Access-Control-Allow-Origin': '*', 'Cache-Control': 'private', 'Content-Type': 'application/json; charset=utf-8', 'Etag': 'W/"cb-NVBoaVrdVhuvFqSInqaczOKFPvU"', 'Function-Execution-Id': 'ys9yv23lvxqn', 'Server': 'Google Frontend', 'Strict-Transport-Security': 'max-age=31556926', 'X-Cloud-Trace-Context': 'd45fc914ef40bcd07fc252d2f52d0574', 'X-Country-Code': 'RU', 'Accept-Ranges': 'bytes', 'Date': 'Mon, 12 May 2025 07:07:46 GMT', 'X-Served-By': 'cache-fra-eddf8230038-FRA', 'X-Cache': 'MISS', 'X-Cache-Hits': '0', 'X-Timer': 'S1747033666.817596,VS0,VE220', 'Vary': 'cookie,need-authorization, x-fh-requested-host, accept-encoding', 'alt-svc': 'h3=":443";ma=86400,h3-29=":443";ma=86400,h3-27=":443";ma=86400'}
Response cookies: {}

-----

-----
Test: tests/tests_dummy_main_flow.py::TestCreateUserPostComment::test_create_new_user_post_comment (call)
Time: 2025-05-12 14:07:47.500835
Request method: PUT
Request URL: https://dummyapi.io/data/v1/user/68219e41e73add01a673e06b

Response code: 200
Response code: {"id":"68219e41e73add01a673e06b","firstName":"Alla","lastName":"Martin","gender":"female","email":"sarah73@example.com","phone":"+7-980-555-6699","location":{"street":"Lenina","city":"Moscow","country":"Russian Federation","timezone":"+7.00"},"registerDate":"2025-05-12T07:07:45.400Z","updatedDate":"2025-05-12T07:07:46.428Z"}
Response headers: {'Connection': 'keep-alive', 'Content-Length': '326', 'Access-Control-Allow-Origin': '*', 'Cache-Control': 'private', 'Content-Type': 'application/json; charset=utf-8', 'Etag': 'W/"146-20liuqDtpsJFzmTAqsk5YQEu36I"', 'Function-Execution-Id': 'ys9ybc3go8zy', 'Server': 'Google Frontend', 'Strict-Transport-Security': 'max-age=31556926', 'X-Cloud-Trace-Context': 'fd933e6954fbc27b8381fd633cdc59d3', 'X-Country-Code': 'RU', 'Accept-Ranges': 'bytes', 'Date': 'Mon, 12 May 2025 07:07:46 GMT', 'X-Served-By': 'cache-fra-eddf8230100-FRA', 'X-Cache': 'MISS', 'X-Cache-Hits': '0', 'X-Timer': 'S1747033666.333020,VS0,VE199', 'Vary': 'cookie,need-authorization, x-fh-requested-host, accept-encoding', 'alt-svc': 'h3=":443";ma=86400,h3-29=":443";ma=86400,h3-27=":443";ma=86400'}
Response cookies: {}

-----

-----
Test: tests/tests_dummy_main_flow.py::TestCreateUserPostComment::test_create_new_user_post_comment (call)
Time: 2025-05-12 14:07:47.982166
Request method: POST
Request URL: https://dummyapi.io/data/v1/post/create

Response code: 200
Response code: {"id":"68219e42e73add404b73e079","image":"","likes":13,"link":"","tags":["lifecoding","loveiseverywhere"],"text":"Life is cool!","publishDate":"2025-05-12T07:07:46.980Z","updatedDate":"2025-05-12T07:07:46.980Z","owner":{"id":"68219e41e73add01a673e06b","firstName":"Alla","lastName":"Martin"}}
Response headers: {'Connection': 'keep-alive', 'Content-Length': '292', 'Access-Control-Allow-Origin': '*', 'Cache-Control': 'private', 'Content-Type': 'application/json; charset=utf-8', 'Etag': 'W/"124-rFgdtpx11ldTI4E84cifkwfaz+Y"', 'Function-Execution-Id': 'ys9ywczbasfy', 'Server': 'Google Frontend', 'Strict-Transport-Security': 'max-age=31556926', 'X-Cloud-Trace-Context': '3e3a8736c2e4f78da055c2dcbde232a3', 'X-Country-Code': 'RU', 'Accept-Ranges': 'bytes', 'Date': 'Mon, 12 May 2025 07:07:47 GMT', 'X-Served-By': 'cache-fra-eddf8230149-FRA', 'X-Cache': 'MISS', 'X-Cache-Hits': '0', 'X-Timer': 'S1747033667.817121,VS0,VE237', 'Vary': 'cookie,need-authorization, x-fh-requested-host, accept-encoding', 'alt-svc': 'h3=":443";ma=86400,h3-29=":443";ma=86400,h3-27=":443";ma=86400'}
Response cookies: {}

-----

-----
Test: tests/tests_dummy_main_flow.py::TestCreateUserPostComment::test_create_new_user_post_comment (call)
Time: 2025-05-12 14:07:48.508229
Request method: GET
Request URL: https://dummyapi.io/data/v1/post/68219e42e73add404b73e079

Response code: 200
Response code: {"id":"68219e42e73add404b73e079","image":"","likes":13,"link":"","tags":["lifecoding","loveiseverywhere"],"text":"Life is cool!","publishDate":"2025-05-12T07:07:46.980Z","updatedDate":"2025-05-12T07:07:46.980Z","owner":{"id":"68219e41e73add01a673e06b","firstName":"Alla","lastName":"Martin"}}
Response headers: {'Connection': 'keep-alive', 'Content-Length': '292', 'Access-Control-Allow-Origin': '*', 'Cache-Control': 'private', 'Content-Type': 'application/json; charset=utf-8', 'Etag': 'W/"124-rFgdtpx11ldTI4E84cifkwfaz+Y"', 'Function-Execution-Id': 'ys9yr0mq6h0l', 'Server': 'Google Frontend', 'Strict-Transport-Security': 'max-age=31556926', 'X-Cloud-Trace-Context': '3647df2fc2d60a453fb200320a367c41', 'X-Country-Code': 'RU', 'Accept-Ranges': 'bytes', 'Date': 'Mon, 12 May 2025 07:07:47 GMT', 'X-Served-By': 'cache-fra-eddf8230160-FRA', 'X-Cache': 'MISS', 'X-Cache-Hits': '0', 'X-Timer': 'S1747033667.332989,VS0,VE306', 'Vary': 'cookie,need-authorization, x-fh-requested-host, accept-encoding', 'alt-svc': 'h3=":443";ma=86400,h3-29=":443";ma=86400,h3-27=":443";ma=86400'}
Response cookies: {}

-----

-----
Test: tests/tests_dummy_main_flow.py::TestCreateUserPostComment::test_create_new_user_post_comment (call)
Time: 2025-05-12 14:07:49.091768
Request method: PUT
Request URL: https://dummyapi.io/data/v1/post/68219e42e73add404b73e079

Response code: 200
Response code: {"id":"68219e42e73add404b73e079","image":"","likes":1313,"link":"","tags":["lifecoding","loveiseverywhere"],"text":"Life is cool!","publishDate":"2025-05-12T07:07:46.980Z","updatedDate":"2025-05-12T07:07:48.083Z","owner":{"id":"68219e41e73add01a673e06b","firstName":"Alla","lastName":"Martin"}}
Response headers: {'Connection': 'keep-alive', 'Content-Length': '294', 'Access-Control-Allow-Origin': '*', 'Cache-Control': 'private', 'Content-Type': 'application/json; charset=utf-8', 'Etag': 'W/"126-g8+sufqQHxP0rG3Cxy0dObi8atE"', 'Function-Execution-Id': 'ys9yn56676th', 'Server': 'Google Frontend', 'Strict-Transport-Security': 'max-age=31556926', 'X-Cloud-Trace-Context': '5de19f2fe42268ba13ac5dc39a002e41', 'X-Country-Code': 'RU', 'Accept-Ranges': 'bytes', 'Date': 'Mon, 12 May 2025 07:07:48 GMT', 'X-Served-By': 'cache-fra-eddf8230054-FRA', 'X-Cache': 'MISS', 'X-Cache-Hits': '0', 'X-Timer': 'S1747033668.920385,VS0,VE231', 'Vary': 'cookie,need-authorization, x-fh-requested-host, accept-encoding', 'alt-svc': 'h3=":443";ma=86400,h3-29=":443";ma=86400,h3-27=":443";ma=86400'}
Response cookies: {}

-----

-----
Test: tests/tests_dummy_main_flow.py::TestCreateUserPostComment::test_create_new_user_post_comment (call)
Time: 2025-05-12 14:07:49.603137
Request method: POST
Request URL: https://dummyapi.io/data/v1/comment/create

Response code: 200
Response code: {"id":"68219e44e73add367873e08d","message":"how cool is that","owner":{"id":"68219e41e73add01a673e06b","firstName":"Alla","lastName":"Martin"},"post":"68219e42e73add404b73e079","publishDate":"2025-05-12T07:07:48.574Z"}
Response headers: {'Connection': 'keep-alive', 'Content-Length': '218', 'Access-Control-Allow-Origin': '*', 'Cache-Control': 'private', 'Content-Type': 'application/json; charset=utf-8', 'Etag': 'W/"da-6CFZfL6PSPcUvXHeVYsUWX6Gyeg"', 'Function-Execution-Id': 'ys9yhs956s4g', 'Server': 'Google Frontend', 'Strict-Transport-Security': 'max-age=31556926', 'X-Cloud-Trace-Context': '9755950f22b9c7a2836e6389c3bdcca5', 'X-Country-Code': 'RU', 'Accept-Ranges': 'bytes', 'Date': 'Mon, 12 May 2025 07:07:48 GMT', 'X-Served-By': 'cache-fra-eddf8230111-FRA', 'X-Cache': 'MISS', 'X-Cache-Hits': '0', 'X-Timer': 'S1747033668.444981,VS0,VE203', 'Vary': 'cookie,need-authorization, x-fh-requested-host, accept-encoding', 'alt-svc': 'h3=":443";ma=86400,h3-29=":443";ma=86400,h3-27=":443";ma=86400'}
Response cookies: {}

-----

-----
Test: tests/tests_dummy_main_flow.py::TestCreateUserPostComment::test_create_new_user_post_comment (call)
Time: 2025-05-12 14:07:50.102655
Request method: GET
Request URL: https://dummyapi.io/data/v1/user/68219e41e73add01a673e06b/comment

Response code: 200
Response code: {"data":[{"id":"68219e44e73add367873e08d","message":"how cool is that","owner":{"id":"68219e41e73add01a673e06b","firstName":"Alla","lastName":"Martin"},"post":"68219e42e73add404b73e079","publishDate":"2025-05-12T07:07:48.574Z"}],"total":1,"page":0,"limit":20}
Response headers: {'Connection': 'keep-alive', 'Content-Length': '259', 'Access-Control-Allow-Origin': '*', 'Cache-Control': 'private', 'Content-Type': 'application/json; charset=utf-8', 'Etag': 'W/"103-MsXePUHQtSgzQcp7+pvIdb+EQjA"', 'Function-Execution-Id': 'ys9y57lbve45', 'Server': 'Google Frontend', 'Strict-Transport-Security': 'max-age=31556926', 'X-Cloud-Trace-Context': '494e86959194a7c2547889a101d6de24', 'X-Country-Code': 'RU', 'Accept-Ranges': 'bytes', 'Date': 'Mon, 12 May 2025 07:07:49 GMT', 'X-Served-By': 'cache-fra-eddf8230030-FRA', 'X-Cache': 'MISS', 'X-Cache-Hits': '0', 'X-Timer': 'S1747033669.931686,VS0,VE215', 'Vary': 'cookie,need-authorization, x-fh-requested-host, accept-encoding', 'alt-svc': 'h3=":443";ma=86400,h3-29=":443";ma=86400,h3-27=":443";ma=86400'}
Response cookies: {}

-----

-----
Test: tests/tests_dummy_main_flow.py::TestCreateUserPostComment::test_create_new_user_post_comment (call)
Time: 2025-05-12 14:07:50.597375
Request method: DELETE
Request URL: https://dummyapi.io/data/v1/comment/68219e44e73add367873e08d

Response code: 200
Response code: {"id":"68219e44e73add367873e08d"}
Response headers: {'Connection': 'keep-alive', 'Content-Length': '33', 'Access-Control-Allow-Origin': '*', 'Cache-Control': 'private', 'Content-Type': 'application/json; charset=utf-8', 'Etag': 'W/"21-3UowO5asxFpsgMtZDEAPB87rjIQ"', 'Function-Execution-Id': 'ys9yo6qaqn33', 'Server': 'Google Frontend', 'Strict-Transport-Security': 'max-age=31556926', 'X-Cloud-Trace-Context': 'cfb0b37d54ec227d1dc344a26589e233', 'X-Country-Code': 'RU', 'Accept-Ranges': 'bytes', 'Date': 'Mon, 12 May 2025 07:07:49 GMT', 'X-Served-By': 'cache-fra-eddf8230110-FRA', 'X-Cache': 'MISS', 'X-Cache-Hits': '0', 'X-Timer': 'S1747033669.440431,VS0,VE158', 'Vary': 'cookie,need-authorization, x-fh-requested-host, accept-encoding', 'alt-svc': 'h3=":443";ma=86400,h3-29=":443";ma=86400,h3-27=":443";ma=86400'}
Response cookies: {}

-----

-----
Test: tests/tests_dummy_main_flow.py::TestCreateUserPostComment::test_create_new_user_post_comment (call)
Time: 2025-05-12 14:07:51.051250
Request method: GET
Request URL: https://dummyapi.io/data/v1/user/68219e41e73add01a673e06b/comment

Response code: 200
Response code: {"data":[],"total":0,"page":0,"limit":20}
Response headers: {'Connection': 'keep-alive', 'Content-Length': '41', 'Access-Control-Allow-Origin': '*', 'Cache-Control': 'private', 'Content-Type': 'application/json; charset=utf-8', 'Etag': 'W/"29-HejxPyd3QVrau6mm4K9ohPwGk9w"', 'Function-Execution-Id': 'ys9yshcs3ng1', 'Server': 'Google Frontend', 'Strict-Transport-Security': 'max-age=31556926', 'X-Cloud-Trace-Context': '82a9cceaf1a764708ec26db8b1985cec', 'X-Country-Code': 'RU', 'Accept-Ranges': 'bytes', 'Date': 'Mon, 12 May 2025 07:07:50 GMT', 'X-Served-By': 'cache-fra-eddf8230053-FRA', 'X-Cache': 'MISS', 'X-Cache-Hits': '0', 'X-Timer': 'S1747033670.887127,VS0,VE354', 'Vary': 'cookie,need-authorization, x-fh-requested-host, accept-encoding', 'alt-svc': 'h3=":443";ma=86400,h3-29=":443";ma=86400,h3-27=":443";ma=86400'}
Response cookies: {}

-----

-----
Test: tests/tests_dummy_main_flow.py::TestCreateUserPostComment::test_create_new_user_post_comment (call)
Time: 2025-05-12 14:07:51.693535
Request method: DELETE
Request URL: https://dummyapi.io/data/v1/post/68219e42e73add404b73e079

Response code: 200
Response code: {"id":"68219e42e73add404b73e079"}
Response headers: {'Connection': 'keep-alive', 'Content-Length': '33', 'Access-Control-Allow-Origin': '*', 'Cache-Control': 'private', 'Content-Type': 'application/json; charset=utf-8', 'Etag': 'W/"21-lPH/kZ/A8CeooDJ13vHSK+tb/KY"', 'Function-Execution-Id': 'ys9yvk3j5gk4', 'Server': 'Google Frontend', 'Strict-Transport-Security': 'max-age=31556926', 'X-Cloud-Trace-Context': '9934478348d33a1f2ad3476bae909dba', 'X-Country-Code': 'RU', 'Accept-Ranges': 'bytes', 'Date': 'Mon, 12 May 2025 07:07:50 GMT', 'X-Served-By': 'cache-fra-eddf8230061-FRA', 'X-Cache': 'MISS', 'X-Cache-Hits': '0', 'X-Timer': 'S1747033671.520151,VS0,VE231', 'Vary': 'cookie,need-authorization, x-fh-requested-host, accept-encoding', 'alt-svc': 'h3=":443";ma=86400,h3-29=":443";ma=86400,h3-27=":443";ma=86400'}
Response cookies: {}

-----

-----
Test: tests/tests_dummy_main_flow.py::TestCreateUserPostComment::test_create_new_user_post_comment (call)
Time: 2025-05-12 14:07:52.202684
Request method: GET
Request URL: https://dummyapi.io/data/v1/post/68219e42e73add404b73e079

Response code: 404
Response code: {"error":"RESOURCE_NOT_FOUND"}
Response headers: {'Connection': 'keep-alive', 'Content-Length': '30', 'Access-Control-Allow-Origin': '*', 'Cache-Control': 'max-age=600', 'Content-Type': 'application/json; charset=utf-8', 'Etag': 'W/"1e-hQ3POqBPvsvSwNKcIR2tnEBMEfg"', 'Function-Execution-Id': 'ys9y8q1hi0ra', 'Server': 'Google Frontend', 'X-Cloud-Trace-Context': 'f0931796d00ec75ad72e1f99d592fbaa', 'Accept-Ranges': 'bytes', 'Date': 'Mon, 12 May 2025 07:07:51 GMT', 'X-Served-By': 'cache-fra-eddf8230025-FRA', 'X-Cache': 'MISS', 'X-Cache-Hits': '0', 'X-Timer': 'S1747033671.052988,VS0,VE166', 'Vary': 'x-fh-requested-host, accept-encoding', 'alt-svc': 'h3=":443";ma=86400,h3-29=":443";ma=86400,h3-27=":443";ma=86400'}
Response cookies: {}

-----

-----
Test: tests/tests_dummy_main_flow.py::TestCreateUserPostComment::test_create_new_user_post_comment (call)
Time: 2025-05-12 14:07:52.672304
Request method: DELETE
Request URL: https://dummyapi.io/data/v1/user/68219e41e73add01a673e06b

Response code: 200
Response code: {"id":"68219e41e73add01a673e06b"}
Response headers: {'Connection': 'keep-alive', 'Content-Length': '33', 'Access-Control-Allow-Origin': '*', 'Cache-Control': 'private', 'Content-Type': 'application/json; charset=utf-8', 'Etag': 'W/"21-ae+ZqElZTISzKmQzZyV/gITdIno"', 'Function-Execution-Id': 'ys9ylrb5xi7c', 'Server': 'Google Frontend', 'Strict-Transport-Security': 'max-age=31556926', 'X-Cloud-Trace-Context': '0ab2b4d6b5021d71dbfb5ae4abbd9bde', 'X-Country-Code': 'RU', 'Accept-Ranges': 'bytes', 'Date': 'Mon, 12 May 2025 07:07:51 GMT', 'X-Served-By': 'cache-fra-eddf8230061-FRA', 'X-Cache': 'MISS', 'X-Cache-Hits': '0', 'X-Timer': 'S1747033671.493184,VS0,VE258', 'Vary': 'cookie,need-authorization, x-fh-requested-host, accept-encoding', 'alt-svc': 'h3=":443";ma=86400,h3-29=":443";ma=86400,h3-27=":443";ma=86400'}
Response cookies: {}

-----

-----
Test: tests/tests_dummy_main_flow.py::TestCreateUserPostComment::test_create_new_user_post_comment (call)
Time: 2025-05-12 14:07:53.203754
Request method: GET
Request URL: https://dummyapi.io/data/v1/post/68219e41e73add01a673e06b

Response code: 404
Response code: {"error":"RESOURCE_NOT_FOUND"}
Response headers: {'Connection': 'keep-alive', 'Content-Length': '30', 'Access-Control-Allow-Origin': '*', 'Cache-Control': 'max-age=600', 'Content-Type': 'application/json; charset=utf-8', 'Etag': 'W/"1e-hQ3POqBPvsvSwNKcIR2tnEBMEfg"', 'Function-Execution-Id': 'ys9ye8gbxff0', 'Server': 'Google Frontend', 'X-Cloud-Trace-Context': 'ef1d88eb7218f56506ecc88fe454c947', 'Accept-Ranges': 'bytes', 'Date': 'Mon, 12 May 2025 07:07:52 GMT', 'X-Served-By': 'cache-fra-eddf8230151-FRA', 'X-Cache': 'MISS', 'X-Cache-Hits': '0', 'X-Timer': 'S1747033672.037300,VS0,VE163', 'Vary': 'x-fh-requested-host, accept-encoding', 'alt-svc': 'h3=":443";ma=86400,h3-29=":443";ma=86400,h3-27=":443";ma=86400'}
Response cookies: {}

-----
